24-Jul-2019 10:42:58.496 INFO [main] org.apache.catalina.startup.VersionLoggerListener.log Server version name:   Apache Tomcat/9.0.22
24-Jul-2019 10:42:58.508 INFO [main] org.apache.catalina.startup.VersionLoggerListener.log Server built:          Jul 4 2019 14:20:06 UTC
24-Jul-2019 10:42:58.508 INFO [main] org.apache.catalina.startup.VersionLoggerListener.log Server version number: 9.0.22.0
24-Jul-2019 10:42:58.508 INFO [main] org.apache.catalina.startup.VersionLoggerListener.log OS Name:               Mac OS X
24-Jul-2019 10:42:58.509 INFO [main] org.apache.catalina.startup.VersionLoggerListener.log OS Version:            10.14.5
24-Jul-2019 10:42:58.509 INFO [main] org.apache.catalina.startup.VersionLoggerListener.log Architecture:          x86_64
24-Jul-2019 10:42:58.509 INFO [main] org.apache.catalina.startup.VersionLoggerListener.log Java Home:             /Library/Java/JavaVirtualMachines/jdk1.8.0_144.jdk/Contents/Home/jre
24-Jul-2019 10:42:58.509 INFO [main] org.apache.catalina.startup.VersionLoggerListener.log JVM Version:           1.8.0_144-b01
24-Jul-2019 10:42:58.509 INFO [main] org.apache.catalina.startup.VersionLoggerListener.log JVM Vendor:            Oracle Corporation
24-Jul-2019 10:42:58.510 INFO [main] org.apache.catalina.startup.VersionLoggerListener.log CATALINA_BASE:         /Users/adityasharma/Desktop/apache-tomcat-9.0.22
24-Jul-2019 10:42:58.510 INFO [main] org.apache.catalina.startup.VersionLoggerListener.log CATALINA_HOME:         /Users/adityasharma/Desktop/apache-tomcat-9.0.22
24-Jul-2019 10:42:58.523 INFO [main] org.apache.catalina.startup.VersionLoggerListener.log Command line argument: -Djava.util.logging.config.file=/Users/adityasharma/desktop/apache-tomcat-9.0.22/conf/logging.properties
24-Jul-2019 10:42:58.523 INFO [main] org.apache.catalina.startup.VersionLoggerListener.log Command line argument: -Djava.util.logging.manager=org.apache.juli.ClassLoaderLogManager
24-Jul-2019 10:42:58.524 INFO [main] org.apache.catalina.startup.VersionLoggerListener.log Command line argument: -Djdk.tls.ephemeralDHKeySize=2048
24-Jul-2019 10:42:58.524 INFO [main] org.apache.catalina.startup.VersionLoggerListener.log Command line argument: -Djava.protocol.handler.pkgs=org.apache.catalina.webresources
24-Jul-2019 10:42:58.524 INFO [main] org.apache.catalina.startup.VersionLoggerListener.log Command line argument: -Dorg.apache.catalina.security.SecurityListener.UMASK=0027
24-Jul-2019 10:42:58.524 INFO [main] org.apache.catalina.startup.VersionLoggerListener.log Command line argument: -Dignore.endorsed.dirs=
24-Jul-2019 10:42:58.524 INFO [main] org.apache.catalina.startup.VersionLoggerListener.log Command line argument: -Dcatalina.base=/Users/adityasharma/desktop/apache-tomcat-9.0.22
24-Jul-2019 10:42:58.524 INFO [main] org.apache.catalina.startup.VersionLoggerListener.log Command line argument: -Dcatalina.home=/Users/adityasharma/desktop/apache-tomcat-9.0.22
24-Jul-2019 10:42:58.524 INFO [main] org.apache.catalina.startup.VersionLoggerListener.log Command line argument: -Djava.io.tmpdir=/Users/adityasharma/desktop/apache-tomcat-9.0.22/temp
24-Jul-2019 10:42:58.525 INFO [main] org.apache.catalina.core.AprLifecycleListener.lifecycleEvent The APR based Apache Tomcat Native library which allows optimal performance in production environments was not found on the java.library.path: [/Users/adityasharma/Library/Java/Extensions:/Library/Java/Extensions:/Network/Library/Java/Extensions:/System/Library/Java/Extensions:/usr/lib/java:.]
24-Jul-2019 10:42:59.375 INFO [main] org.apache.coyote.AbstractProtocol.init Initializing ProtocolHandler ["http-nio-8080"]
24-Jul-2019 10:42:59.473 INFO [main] org.apache.coyote.AbstractProtocol.init Initializing ProtocolHandler ["ajp-nio-8009"]
24-Jul-2019 10:42:59.484 INFO [main] org.apache.catalina.startup.Catalina.load Server initialization in [1,474] milliseconds
24-Jul-2019 10:42:59.569 INFO [main] org.apache.catalina.core.StandardService.startInternal Starting service [Catalina]
24-Jul-2019 10:42:59.569 INFO [main] org.apache.catalina.core.StandardEngine.startInternal Starting Servlet engine: [Apache Tomcat/9.0.22]
24-Jul-2019 10:42:59.593 INFO [main] org.apache.catalina.startup.HostConfig.deployDirectory Deploying web application directory [/Users/adityasharma/Desktop/apache-tomcat-9.0.22/webapps/docs]
24-Jul-2019 10:43:00.691 INFO [main] org.apache.catalina.startup.HostConfig.deployDirectory Deployment of web application directory [/Users/adityasharma/Desktop/apache-tomcat-9.0.22/webapps/docs] has finished in [1,098] ms
24-Jul-2019 10:43:00.692 INFO [main] org.apache.catalina.startup.HostConfig.deployDirectory Deploying web application directory [/Users/adityasharma/Desktop/apache-tomcat-9.0.22/webapps/manager]
24-Jul-2019 10:43:00.812 INFO [main] org.apache.catalina.startup.HostConfig.deployDirectory Deployment of web application directory [/Users/adityasharma/Desktop/apache-tomcat-9.0.22/webapps/manager] has finished in [120] ms
24-Jul-2019 10:43:00.815 INFO [main] org.apache.catalina.startup.HostConfig.deployDirectory Deploying web application directory [/Users/adityasharma/Desktop/apache-tomcat-9.0.22/webapps/examples]
24-Jul-2019 10:43:02.565 INFO [main] org.apache.catalina.startup.HostConfig.deployDirectory Deployment of web application directory [/Users/adityasharma/Desktop/apache-tomcat-9.0.22/webapps/examples] has finished in [1,749] ms
24-Jul-2019 10:43:02.566 INFO [main] org.apache.catalina.startup.HostConfig.deployDirectory Deploying web application directory [/Users/adityasharma/Desktop/apache-tomcat-9.0.22/webapps/ROOT]
24-Jul-2019 10:43:02.677 INFO [main] org.apache.catalina.startup.HostConfig.deployDirectory Deployment of web application directory [/Users/adityasharma/Desktop/apache-tomcat-9.0.22/webapps/ROOT] has finished in [110] ms
24-Jul-2019 10:43:02.677 INFO [main] org.apache.catalina.startup.HostConfig.deployDirectory Deploying web application directory [/Users/adityasharma/Desktop/apache-tomcat-9.0.22/webapps/host-manager]
24-Jul-2019 10:43:02.974 INFO [main] org.apache.catalina.startup.HostConfig.deployDirectory Deployment of web application directory [/Users/adityasharma/Desktop/apache-tomcat-9.0.22/webapps/host-manager] has finished in [297] ms
24-Jul-2019 10:43:03.064 INFO [main] org.apache.coyote.AbstractProtocol.start Starting ProtocolHandler ["http-nio-8080"]
24-Jul-2019 10:43:03.094 INFO [main] org.apache.coyote.AbstractProtocol.start Starting ProtocolHandler ["ajp-nio-8009"]
24-Jul-2019 10:43:03.099 INFO [main] org.apache.catalina.startup.Catalina.start Server startup in [3,613] milliseconds
24-Jul-2019 10:54:57.397 INFO [Thread-5] org.apache.coyote.AbstractProtocol.pause Pausing ProtocolHandler ["http-nio-8080"]
24-Jul-2019 10:54:57.407 INFO [Thread-5] org.apache.coyote.AbstractProtocol.pause Pausing ProtocolHandler ["ajp-nio-8009"]
24-Jul-2019 10:54:57.414 INFO [Thread-5] org.apache.catalina.core.StandardService.stopInternal Stopping service [Catalina]
24-Jul-2019 10:54:57.464 INFO [Thread-5] org.apache.coyote.AbstractProtocol.stop Stopping ProtocolHandler ["http-nio-8080"]
24-Jul-2019 10:54:57.467 INFO [Thread-5] org.apache.coyote.AbstractProtocol.stop Stopping ProtocolHandler ["ajp-nio-8009"]
24-Jul-2019 10:54:57.472 INFO [Thread-5] org.apache.coyote.AbstractProtocol.destroy Destroying ProtocolHandler ["http-nio-8080"]
24-Jul-2019 10:54:57.472 INFO [Thread-5] org.apache.coyote.AbstractProtocol.destroy Destroying ProtocolHandler ["ajp-nio-8009"]
