22-Jul-2019 01:58:14.330 INFO [main] org.apache.catalina.core.ApplicationContext.log SessionListener: contextDestroyed()
22-Jul-2019 01:58:14.330 INFO [main] org.apache.catalina.core.ApplicationContext.log ContextListener: contextDestroyed()
22-Jul-2019 01:58:18.373 INFO [main] org.apache.catalina.core.ApplicationContext.log ContextListener: contextInitialized()
22-Jul-2019 01:58:18.374 INFO [main] org.apache.catalina.core.ApplicationContext.log SessionListener: contextInitialized()
22-Jul-2019 01:58:18.376 INFO [main] org.apache.catalina.core.ApplicationContext.log ContextListener: attributeAdded('StockTicker', 'async.Stockticker@f79e')
22-Jul-2019 02:30:24.163 INFO [Thread-5] org.apache.catalina.core.ApplicationContext.log SessionListener: contextDestroyed()
22-Jul-2019 02:30:24.163 INFO [Thread-5] org.apache.catalina.core.ApplicationContext.log ContextListener: contextDestroyed()
22-Jul-2019 10:51:15.525 INFO [main] org.apache.catalina.core.ApplicationContext.log ContextListener: contextInitialized()
22-Jul-2019 10:51:15.525 INFO [main] org.apache.catalina.core.ApplicationContext.log SessionListener: contextInitialized()
22-Jul-2019 10:51:15.527 INFO [main] org.apache.catalina.core.ApplicationContext.log ContextListener: attributeAdded('StockTicker', 'async.Stockticker@4c39bec8')
22-Jul-2019 12:38:33.351 INFO [main] org.apache.catalina.core.ApplicationContext.log ContextListener: contextInitialized()
22-Jul-2019 12:38:33.353 INFO [main] org.apache.catalina.core.ApplicationContext.log SessionListener: contextInitialized()
22-Jul-2019 12:38:33.354 INFO [main] org.apache.catalina.core.ApplicationContext.log ContextListener: attributeAdded('StockTicker', 'async.Stockticker@45b4c3a9')
22-Jul-2019 12:38:33.444 INFO [main] org.apache.catalina.core.ApplicationContext.log SessionListener: contextDestroyed()
22-Jul-2019 12:38:33.444 INFO [main] org.apache.catalina.core.ApplicationContext.log ContextListener: contextDestroyed()
22-Jul-2019 12:48:12.892 INFO [main] org.apache.catalina.core.ApplicationContext.log SessionListener: contextDestroyed()
22-Jul-2019 12:48:12.892 INFO [main] org.apache.catalina.core.ApplicationContext.log ContextListener: contextDestroyed()
22-Jul-2019 12:48:32.078 INFO [main] org.apache.catalina.core.ApplicationContext.log ContextListener: contextInitialized()
22-Jul-2019 12:48:32.078 INFO [main] org.apache.catalina.core.ApplicationContext.log SessionListener: contextInitialized()
22-Jul-2019 12:48:32.080 INFO [main] org.apache.catalina.core.ApplicationContext.log ContextListener: attributeAdded('StockTicker', 'async.Stockticker@f79e')
22-Jul-2019 13:02:49.855 INFO [main] org.apache.catalina.core.ApplicationContext.log SessionListener: contextDestroyed()
22-Jul-2019 13:02:49.855 INFO [main] org.apache.catalina.core.ApplicationContext.log ContextListener: contextDestroyed()
22-Jul-2019 13:03:01.124 INFO [main] org.apache.catalina.core.ApplicationContext.log ContextListener: contextInitialized()
22-Jul-2019 13:03:01.124 INFO [main] org.apache.catalina.core.ApplicationContext.log SessionListener: contextInitialized()
22-Jul-2019 13:03:01.126 INFO [main] org.apache.catalina.core.ApplicationContext.log ContextListener: attributeAdded('StockTicker', 'async.Stockticker@f79e')
22-Jul-2019 13:24:59.457 INFO [main] org.apache.catalina.core.ApplicationContext.log SessionListener: contextDestroyed()
22-Jul-2019 13:24:59.457 INFO [main] org.apache.catalina.core.ApplicationContext.log ContextListener: contextDestroyed()
22-Jul-2019 13:28:49.034 INFO [main] org.apache.catalina.core.ApplicationContext.log ContextListener: contextInitialized()
22-Jul-2019 13:28:49.037 INFO [main] org.apache.catalina.core.ApplicationContext.log SessionListener: contextInitialized()
22-Jul-2019 13:28:49.039 INFO [main] org.apache.catalina.core.ApplicationContext.log ContextListener: attributeAdded('StockTicker', 'async.Stockticker@4c39bec8')
22-Jul-2019 15:28:48.685 INFO [main] org.apache.catalina.core.ApplicationContext.log SessionListener: contextDestroyed()
22-Jul-2019 15:28:48.685 INFO [main] org.apache.catalina.core.ApplicationContext.log ContextListener: contextDestroyed()
22-Jul-2019 19:12:09.236 INFO [main] org.apache.catalina.core.ApplicationContext.log ContextListener: contextInitialized()
22-Jul-2019 19:12:09.236 INFO [main] org.apache.catalina.core.ApplicationContext.log SessionListener: contextInitialized()
22-Jul-2019 19:12:09.238 INFO [main] org.apache.catalina.core.ApplicationContext.log ContextListener: attributeAdded('StockTicker', 'async.Stockticker@4c39bec8')
22-Jul-2019 19:16:05.873 INFO [main] org.apache.catalina.core.ApplicationContext.log SessionListener: contextDestroyed()
22-Jul-2019 19:16:05.873 INFO [main] org.apache.catalina.core.ApplicationContext.log ContextListener: contextDestroyed()
22-Jul-2019 23:09:52.948 INFO [main] org.apache.catalina.core.ApplicationContext.log ContextListener: contextInitialized()
22-Jul-2019 23:09:52.949 INFO [main] org.apache.catalina.core.ApplicationContext.log SessionListener: contextInitialized()
22-Jul-2019 23:09:52.950 INFO [main] org.apache.catalina.core.ApplicationContext.log ContextListener: attributeAdded('StockTicker', 'async.Stockticker@f79e')
