19-Jul-2019 09:00:25.768 INFO [main] org.apache.catalina.core.ApplicationContext.log ContextListener: contextInitialized()
19-Jul-2019 09:00:25.768 INFO [main] org.apache.catalina.core.ApplicationContext.log SessionListener: contextInitialized()
19-Jul-2019 09:00:25.770 INFO [main] org.apache.catalina.core.ApplicationContext.log ContextListener: attributeAdded('StockTicker', 'async.Stockticker@4c39bec8')
19-Jul-2019 09:32:17.962 INFO [main] org.apache.catalina.core.ApplicationContext.log ContextListener: contextInitialized()
19-Jul-2019 09:32:17.963 INFO [main] org.apache.catalina.core.ApplicationContext.log SessionListener: contextInitialized()
19-Jul-2019 09:32:17.964 INFO [main] org.apache.catalina.core.ApplicationContext.log ContextListener: attributeAdded('StockTicker', 'async.Stockticker@399c4be1')
19-Jul-2019 09:32:18.043 INFO [main] org.apache.catalina.core.ApplicationContext.log SessionListener: contextDestroyed()
19-Jul-2019 09:32:18.043 INFO [main] org.apache.catalina.core.ApplicationContext.log ContextListener: contextDestroyed()
19-Jul-2019 11:15:43.847 INFO [main] org.apache.catalina.core.ApplicationContext.log ContextListener: contextInitialized()
19-Jul-2019 11:15:43.847 INFO [main] org.apache.catalina.core.ApplicationContext.log SessionListener: contextInitialized()
19-Jul-2019 11:15:43.851 INFO [main] org.apache.catalina.core.ApplicationContext.log ContextListener: attributeAdded('StockTicker', 'async.Stockticker@399c4be1')
19-Jul-2019 11:15:43.984 INFO [main] org.apache.catalina.core.ApplicationContext.log SessionListener: contextDestroyed()
19-Jul-2019 11:15:43.986 INFO [main] org.apache.catalina.core.ApplicationContext.log ContextListener: contextDestroyed()
19-Jul-2019 11:25:31.448 INFO [main] org.apache.catalina.core.ApplicationContext.log ContextListener: contextInitialized()
19-Jul-2019 11:25:31.449 INFO [main] org.apache.catalina.core.ApplicationContext.log SessionListener: contextInitialized()
19-Jul-2019 11:25:31.451 INFO [main] org.apache.catalina.core.ApplicationContext.log ContextListener: attributeAdded('StockTicker', 'async.Stockticker@399c4be1')
19-Jul-2019 11:25:31.593 INFO [main] org.apache.catalina.core.ApplicationContext.log SessionListener: contextDestroyed()
19-Jul-2019 11:25:31.594 INFO [main] org.apache.catalina.core.ApplicationContext.log ContextListener: contextDestroyed()
19-Jul-2019 11:57:40.941 INFO [main] org.apache.catalina.core.ApplicationContext.log SessionListener: contextDestroyed()
19-Jul-2019 11:57:40.942 INFO [main] org.apache.catalina.core.ApplicationContext.log ContextListener: contextDestroyed()
19-Jul-2019 18:46:22.749 INFO [main] org.apache.catalina.core.ApplicationContext.log ContextListener: contextInitialized()
19-Jul-2019 18:46:22.750 INFO [main] org.apache.catalina.core.ApplicationContext.log SessionListener: contextInitialized()
19-Jul-2019 18:46:22.753 INFO [main] org.apache.catalina.core.ApplicationContext.log ContextListener: attributeAdded('StockTicker', 'async.Stockticker@4c39bec8')
19-Jul-2019 19:02:29.110 INFO [main] org.apache.catalina.core.ApplicationContext.log SessionListener: contextDestroyed()
19-Jul-2019 19:02:29.110 INFO [main] org.apache.catalina.core.ApplicationContext.log ContextListener: contextDestroyed()
19-Jul-2019 19:02:38.643 INFO [main] org.apache.catalina.core.ApplicationContext.log ContextListener: contextInitialized()
19-Jul-2019 19:02:38.643 INFO [main] org.apache.catalina.core.ApplicationContext.log SessionListener: contextInitialized()
19-Jul-2019 19:02:38.646 INFO [main] org.apache.catalina.core.ApplicationContext.log ContextListener: attributeAdded('StockTicker', 'async.Stockticker@f79e')
19-Jul-2019 19:03:35.872 INFO [main] org.apache.catalina.core.ApplicationContext.log SessionListener: contextDestroyed()
19-Jul-2019 19:03:35.872 INFO [main] org.apache.catalina.core.ApplicationContext.log ContextListener: contextDestroyed()
19-Jul-2019 19:03:40.549 INFO [main] org.apache.catalina.core.ApplicationContext.log ContextListener: contextInitialized()
19-Jul-2019 19:03:40.549 INFO [main] org.apache.catalina.core.ApplicationContext.log SessionListener: contextInitialized()
19-Jul-2019 19:03:40.551 INFO [main] org.apache.catalina.core.ApplicationContext.log ContextListener: attributeAdded('StockTicker', 'async.Stockticker@f79e')
19-Jul-2019 19:05:10.781 INFO [main] org.apache.catalina.core.ApplicationContext.log SessionListener: contextDestroyed()
19-Jul-2019 19:05:10.781 INFO [main] org.apache.catalina.core.ApplicationContext.log ContextListener: contextDestroyed()
19-Jul-2019 19:05:14.568 INFO [main] org.apache.catalina.core.ApplicationContext.log ContextListener: contextInitialized()
19-Jul-2019 19:05:14.570 INFO [main] org.apache.catalina.core.ApplicationContext.log SessionListener: contextInitialized()
19-Jul-2019 19:05:14.574 INFO [main] org.apache.catalina.core.ApplicationContext.log ContextListener: attributeAdded('StockTicker', 'async.Stockticker@f79e')
19-Jul-2019 19:11:45.442 INFO [main] org.apache.catalina.core.ApplicationContext.log SessionListener: contextDestroyed()
19-Jul-2019 19:11:45.442 INFO [main] org.apache.catalina.core.ApplicationContext.log ContextListener: contextDestroyed()
19-Jul-2019 19:11:48.778 INFO [main] org.apache.catalina.core.ApplicationContext.log ContextListener: contextInitialized()
19-Jul-2019 19:11:48.779 INFO [main] org.apache.catalina.core.ApplicationContext.log SessionListener: contextInitialized()
19-Jul-2019 19:11:48.781 INFO [main] org.apache.catalina.core.ApplicationContext.log ContextListener: attributeAdded('StockTicker', 'async.Stockticker@f79e')
19-Jul-2019 20:18:09.854 INFO [main] org.apache.catalina.core.ApplicationContext.log SessionListener: contextDestroyed()
19-Jul-2019 20:18:09.854 INFO [main] org.apache.catalina.core.ApplicationContext.log ContextListener: contextDestroyed()
19-Jul-2019 20:42:08.054 INFO [main] org.apache.catalina.core.ApplicationContext.log ContextListener: contextInitialized()
19-Jul-2019 20:42:08.054 INFO [main] org.apache.catalina.core.ApplicationContext.log SessionListener: contextInitialized()
19-Jul-2019 20:42:08.056 INFO [main] org.apache.catalina.core.ApplicationContext.log ContextListener: attributeAdded('StockTicker', 'async.Stockticker@f79e')
19-Jul-2019 20:56:38.740 INFO [Catalina-utility-1] org.apache.catalina.core.ApplicationContext.log SessionListener: contextDestroyed()
19-Jul-2019 20:56:38.741 INFO [Catalina-utility-1] org.apache.catalina.core.ApplicationContext.log ContextListener: contextDestroyed()
19-Jul-2019 20:56:38.940 INFO [Catalina-utility-1] org.apache.catalina.core.ApplicationContext.log ContextListener: contextInitialized()
19-Jul-2019 20:56:38.940 INFO [Catalina-utility-1] org.apache.catalina.core.ApplicationContext.log SessionListener: contextInitialized()
19-Jul-2019 20:56:38.942 INFO [Catalina-utility-1] org.apache.catalina.core.ApplicationContext.log ContextListener: attributeAdded('StockTicker', 'async.Stockticker@5c584367')
19-Jul-2019 21:02:39.304 INFO [Catalina-utility-1] org.apache.catalina.core.ApplicationContext.log SessionListener: contextDestroyed()
19-Jul-2019 21:02:39.304 INFO [Catalina-utility-1] org.apache.catalina.core.ApplicationContext.log ContextListener: contextDestroyed()
19-Jul-2019 21:02:39.486 INFO [Catalina-utility-1] org.apache.catalina.core.ApplicationContext.log ContextListener: contextInitialized()
19-Jul-2019 21:02:39.487 INFO [Catalina-utility-1] org.apache.catalina.core.ApplicationContext.log SessionListener: contextInitialized()
19-Jul-2019 21:02:39.488 INFO [Catalina-utility-1] org.apache.catalina.core.ApplicationContext.log ContextListener: attributeAdded('StockTicker', 'async.Stockticker@bd4cc48')
19-Jul-2019 21:11:02.659 INFO [main] org.apache.catalina.core.ApplicationContext.log ContextListener: contextInitialized()
19-Jul-2019 21:11:02.660 INFO [main] org.apache.catalina.core.ApplicationContext.log SessionListener: contextInitialized()
19-Jul-2019 21:11:02.662 INFO [main] org.apache.catalina.core.ApplicationContext.log ContextListener: attributeAdded('StockTicker', 'async.Stockticker@45b4c3a9')
19-Jul-2019 21:11:02.752 INFO [main] org.apache.catalina.core.ApplicationContext.log SessionListener: contextDestroyed()
19-Jul-2019 21:11:02.752 INFO [main] org.apache.catalina.core.ApplicationContext.log ContextListener: contextDestroyed()
19-Jul-2019 21:33:29.661 INFO [main] org.apache.catalina.core.ApplicationContext.log SessionListener: contextDestroyed()
19-Jul-2019 21:33:29.661 INFO [main] org.apache.catalina.core.ApplicationContext.log ContextListener: contextDestroyed()
